# JRE version: OpenJDK Runtime Environment (8.0_242-b08) (build 1.8.0_242-b08)
# Java VM: OpenJDK 64-Bit Server VM (25.242-b08 mixed mode windows-amd64 compressed oops)
Heap:
 PSYoungGen      total 534528K, used 89543K [0x00000000d5580000, 0x0000000100000000, 0x0000000100000000)
  eden space 367616K, 0% used [0x00000000d5580000,0x00000000d5580000,0x00000000ebc80000)
  from space 166912K, 53% used [0x00000000f5d00000,0x00000000fb471f90,0x0000000100000000)
  to   space 164352K, 0% used [0x00000000ebc80000,0x00000000ebc80000,0x00000000f5d00000)
 ParOldGen       total 343552K, used 319858K [0x0000000080000000, 0x0000000094f80000, 0x00000000d5580000)
  object space 343552K, 93% used [0x0000000080000000,0x000000009385c940,0x0000000094f80000)
 Metaspace       used 33365K, capacity 35541K, committed 35760K, reserved 1081344K
  class space    used 3553K, capacity 4453K, committed 4528K, reserved 1048576K
GC Heap History (10 events):
Event: 4508.563 GC heap after
Heap after GC invocations=24 (full 2):
 PSYoungGen      total 556544K, used 101243K [0x00000000d5580000, 0x0000000100000000, 0x0000000100000000)
  eden space 452096K, 0% used [0x00000000d5580000,0x00000000d5580000,0x00000000f0f00000)
  from space 104448K, 96% used [0x00000000f9a00000,0x00000000ffcdefe0,0x0000000100000000)
  to   space 123392K, 0% used [0x00000000f0f00000,0x00000000f0f00000,0x00000000f8780000)
 ParOldGen       total 343552K, used 253963K [0x0000000080000000, 0x0000000094f80000, 0x00000000d5580000)
  object space 343552K, 73% used [0x0000000080000000,0x000000008f802cd0,0x0000000094f80000)
 Metaspace       used 32761K, capacity 34861K, committed 35120K, reserved 1079296K
  class space    used 3518K, capacity 4335K, committed 4400K, reserved 1048576K
}
Event: 4523.633 GC heap before
{Heap before GC invocations=25 (full 2):
 PSYoungGen      total 556544K, used 553339K [0x00000000d5580000, 0x0000000100000000, 0x0000000100000000)
  eden space 452096K, 100% used [0x00000000d5580000,0x00000000f0f00000,0x00000000f0f00000)
  from space 104448K, 96% used [0x00000000f9a00000,0x00000000ffcdefe0,0x0000000100000000)
  to   space 123392K, 0% used [0x00000000f0f00000,0x00000000f0f00000,0x00000000f8780000)
 ParOldGen       total 343552K, used 253963K [0x0000000080000000, 0x0000000094f80000, 0x00000000d5580000)
  object space 343552K, 73% used [0x0000000080000000,0x000000008f802cd0,0x0000000094f80000)
 Metaspace       used 32992K, capacity 35177K, committed 35376K, reserved 1081344K
  class space    used 3534K, capacity 4381K, committed 4400K, reserved 1048576K
Event: 4523.699 GC heap after
Heap after GC invocations=25 (full 2):
 PSYoungGen      total 568832K, used 116342K [0x00000000d5580000, 0x0000000100000000, 0x0000000100000000)
  eden space 452096K, 0% used [0x00000000d5580000,0x00000000d5580000,0x00000000f0f00000)
  from space 116736K, 99% used [0x00000000f0f00000,0x00000000f809da00,0x00000000f8100000)
  to   space 130048K, 0% used [0x00000000f8100000,0x00000000f8100000,0x0000000100000000)
 ParOldGen       total 343552K, used 253971K [0x0000000080000000, 0x0000000094f80000, 0x00000000d5580000)
  object space 343552K, 73% used [0x0000000080000000,0x000000008f804cd0,0x0000000094f80000)
 Metaspace       used 32992K, capacity 35177K, committed 35376K, reserved 1081344K
  class space    used 3534K, capacity 4381K, committed 4400K, reserved 1048576K
}
Event: 4526.436 GC heap before
{Heap before GC invocations=26 (full 2):
 PSYoungGen      total 568832K, used 568438K [0x00000000d5580000, 0x0000000100000000, 0x0000000100000000)
  eden space 452096K, 100% used [0x00000000d5580000,0x00000000f0f00000,0x00000000f0f00000)
  from space 116736K, 99% used [0x00000000f0f00000,0x00000000f809da00,0x00000000f8100000)
  to   space 130048K, 0% used [0x00000000f8100000,0x00000000f8100000,0x0000000100000000)
 ParOldGen       total 343552K, used 253971K [0x0000000080000000, 0x0000000094f80000, 0x00000000d5580000)
  object space 343552K, 73% used [0x0000000080000000,0x000000008f804cd0,0x0000000094f80000)
 Metaspace       used 33101K, capacity 35297K, committed 35504K, reserved 1081344K
  class space    used 3540K, capacity 4405K, committed 4528K, reserved 1048576K
Event: 4526.505 GC heap after
Heap after GC invocations=26 (full 2):
 PSYoungGen      total 509440K, used 130042K [0x00000000d5580000, 0x0000000100000000, 0x0000000100000000)
  eden space 379392K, 0% used [0x00000000d5580000,0x00000000d5580000,0x00000000ec800000)
  from space 130048K, 99% used [0x00000000f8100000,0x00000000ffffe890,0x0000000100000000)
  to   space 159744K, 0% used [0x00000000ec800000,0x00000000ec800000,0x00000000f6400000)
 ParOldGen       total 343552K, used 257578K [0x0000000080000000, 0x0000000094f80000, 0x00000000d5580000)
  object space 343552K, 74% used [0x0000000080000000,0x000000008fb8a8b8,0x0000000094f80000)
 Metaspace       used 33101K, capacity 35297K, committed 35504K, reserved 1081344K
  class space    used 3540K, capacity 4405K, committed 4528K, reserved 1048576K
}
Event: 4529.968 GC heap before
{Heap before GC invocations=27 (full 2):
 PSYoungGen      total 509440K, used 509434K [0x00000000d5580000, 0x0000000100000000, 0x0000000100000000)
  eden space 379392K, 100% used [0x00000000d5580000,0x00000000ec800000,0x00000000ec800000)
  from space 130048K, 99% used [0x00000000f8100000,0x00000000ffffe890,0x0000000100000000)
  to   space 159744K, 0% used [0x00000000ec800000,0x00000000ec800000,0x00000000f6400000)
 ParOldGen       total 343552K, used 257578K [0x0000000080000000, 0x0000000094f80000, 0x00000000d5580000)
  object space 343552K, 74% used [0x0000000080000000,0x000000008fb8a8b8,0x0000000094f80000)
 Metaspace       used 33233K, capacity 35417K, committed 35760K, reserved 1081344K
  class space    used 3547K, capacity 4429K, committed 4528K, reserved 1048576K
Event: 4530.048 GC heap after
Heap after GC invocations=27 (full 2):
 PSYoungGen      total 492032K, used 112287K [0x00000000d5580000, 0x0000000100000000, 0x0000000100000000)
  eden space 379392K, 0% used [0x00000000d5580000,0x00000000d5580000,0x00000000ec800000)
  from space 112640K, 99% used [0x00000000ec800000,0x00000000f35a7da0,0x00000000f3600000)
  to   space 166912K, 0% used [0x00000000f5d00000,0x00000000f5d00000,0x0000000100000000)
 ParOldGen       total 343552K, used 289133K [0x0000000080000000, 0x0000000094f80000, 0x00000000d5580000)
  object space 343552K, 84% used [0x0000000080000000,0x0000000091a5b4d0,0x0000000094f80000)
 Metaspace       used 33233K, capacity 35417K, committed 35760K, reserved 1081344K
  class space    used 3547K, capacity 4429K, committed 4528K, reserved 1048576K
}
Event: 4565.961 GC heap before
{Heap before GC invocations=28 (full 2):
 PSYoungGen      total 492032K, used 491679K [0x00000000d5580000, 0x0000000100000000, 0x0000000100000000)
  eden space 379392K, 100% used [0x00000000d5580000,0x00000000ec800000,0x00000000ec800000)
  from space 112640K, 99% used [0x00000000ec800000,0x00000000f35a7da0,0x00000000f3600000)
  to   space 166912K, 0% used [0x00000000f5d00000,0x00000000f5d00000,0x0000000100000000)
 ParOldGen       total 343552K, used 289133K [0x0000000080000000, 0x0000000094f80000, 0x00000000d5580000)
  object space 343552K, 84% used [0x0000000080000000,0x0000000091a5b4d0,0x0000000094f80000)
 Metaspace       used 33365K, capacity 35541K, committed 35760K, reserved 1081344K
  class space    used 3553K, capacity 4453K, committed 4528K, reserved 1048576K
Event: 4566.059 GC heap after
Heap after GC invocations=28 (full 2):
 PSYoungGen      total 534528K, used 89543K [0x00000000d5580000, 0x0000000100000000, 0x0000000100000000)
  eden space 367616K, 0% used [0x00000000d5580000,0x00000000d5580000,0x00000000ebc80000)
  from space 166912K, 53% used [0x00000000f5d00000,0x00000000fb471f90,0x0000000100000000)
  to   space 164352K, 0% used [0x00000000ebc80000,0x00000000ebc80000,0x00000000f5d00000)
 ParOldGen       total 343552K, used 319858K [0x0000000080000000, 0x0000000094f80000, 0x00000000d5580000)
  object space 343552K, 93% used [0x0000000080000000,0x000000009385c940,0x0000000094f80000)
 Metaspace       used 33365K, capacity 35541K, committed 35760K, reserved 1081344K
  class space    used 3553K, capacity 4453K, committed 4528K, reserved 1048576K
}
Event: 4566.059 GC heap before
{Heap before GC invocations=29 (full 3):
 PSYoungGen      total 534528K, used 89543K [0x00000000d5580000, 0x0000000100000000, 0x0000000100000000)
  eden space 367616K, 0% used [0x00000000d5580000,0x00000000d5580000,0x00000000ebc80000)
  from space 166912K, 53% used [0x00000000f5d00000,0x00000000fb471f90,0x0000000100000000)
  to   space 164352K, 0% used [0x00000000ebc80000,0x00000000ebc80000,0x00000000f5d00000)
 ParOldGen       total 343552K, used 319858K [0x0000000080000000, 0x0000000094f80000, 0x00000000d5580000)
  object space 343552K, 93% used [0x0000000080000000,0x000000009385c940,0x0000000094f80000)
 Metaspace       used 33365K, capacity 35541K, committed 35760K, reserved 1081344K
  class space    used 3553K, capacity 4453K, committed 4528K, reserved 1048576K

